2015-09-14 17:46:56,136  WARN [ModalContext] - ScalaProject - Project svm_with_kernal has platform default sourceLevel.
2015-09-14 17:46:56,136  WARN [ModalContext] - ScalaProject - Project svm_with_kernal runs on platform default installation.
2015-09-14 17:46:56,589  WARN [Worker-7] - ScalaProject - Project svm_with_kernal has platform default sourceLevel.
2015-09-14 17:46:56,589  WARN [Worker-7] - ScalaProject - Project svm_with_kernal runs on platform default installation.
2015-09-14 17:47:05,699  WARN [Worker-7] - ScalaProject - Project svm_with_kernal has platform default sourceLevel.
2015-09-14 17:47:05,699  WARN [Worker-7] - ScalaProject - Project svm_with_kernal runs on platform default installation.
2015-09-14 17:47:05,777  WARN [Worker-7] - ScalaProject - Project svm_with_kernal has platform default sourceLevel.
2015-09-14 17:47:05,777  WARN [Worker-7] - ScalaProject - Project svm_with_kernal runs on platform default installation.
2015-09-14 17:50:37,772  WARN [Worker-14] - ScalaProject - Project svm_with_kernal has platform default sourceLevel.
2015-09-14 17:50:37,772  WARN [Worker-14] - ScalaProject - Project svm_with_kernal runs on platform default installation.
2015-09-14 17:54:34,073  WARN [Worker-1] - ScalaProject - Project svm_with_kernal has platform default sourceLevel.
2015-09-14 17:54:34,105  WARN [Worker-1] - ScalaProject - Project svm_with_kernal runs on platform default installation.
2015-09-14 17:54:34,855  WARN [Worker-1] - ScalaProject - Project svm_with_kernal has platform default sourceLevel.
2015-09-14 17:54:34,855  WARN [Worker-1] - ScalaProject - Project svm_with_kernal runs on platform default installation.
2015-09-14 17:55:24,107  WARN [ModalContext] - ScalaProject - Project svm_with_kernal has platform default sourceLevel.
2015-09-14 17:55:24,107  WARN [ModalContext] - ScalaProject - Project svm_with_kernal runs on platform default installation.
2015-09-14 17:55:24,498  WARN [Worker-6] - ScalaProject - Project svm_with_kernal has platform default sourceLevel.
2015-09-14 17:55:24,498  WARN [Worker-6] - ScalaProject - Project svm_with_kernal runs on platform default installation.
2015-09-14 17:55:24,623  WARN [Worker-6] - ScalaProject - Project svm_with_kernal has platform default sourceLevel.
2015-09-14 17:55:24,623  WARN [Worker-6] - ScalaProject - Project svm_with_kernal runs on platform default installation.
2015-09-14 17:55:24,638  WARN [Worker-6] - ScalaProject - Project svm_with_kernal has platform default sourceLevel.
2015-09-14 17:55:24,638  WARN [Worker-6] - ScalaProject - Project svm_with_kernal runs on platform default installation.
2015-09-14 17:56:39,532 ERROR [main] - System.err - SLF4J: Failed to load class "org.slf4j.impl.StaticLoggerBinder".
2015-09-14 17:56:39,532 ERROR [main] - System.err - SLF4J: Defaulting to no-operation (NOP) logger implementation
2015-09-14 17:56:39,532 ERROR [main] - System.err - SLF4J: See http://www.slf4j.org/codes.html#StaticLoggerBinder for further details.
2015-09-14 17:59:08,915  WARN [Worker-8] - ScalaProject - Project svm_with_kernal has platform default sourceLevel.
2015-09-14 17:59:08,915  WARN [Worker-8] - ScalaProject - Project svm_with_kernal runs on platform default installation.
2015-09-14 18:21:40,573  WARN [main] - ScalaProject - Project svm_with_kernal has platform default sourceLevel.
2015-09-14 18:21:40,573  WARN [main] - ScalaProject - Project svm_with_kernal runs on platform default installation.
2015-09-15 09:17:45,172 ERROR [Worker-21] - System.err - SLF4J: Failed to load class "org.slf4j.impl.StaticLoggerBinder".
2015-09-15 09:17:45,172 ERROR [Worker-21] - System.err - SLF4J: Defaulting to no-operation (NOP) logger implementation
2015-09-15 09:17:45,172 ERROR [Worker-21] - System.err - SLF4J: See http://www.slf4j.org/codes.html#StaticLoggerBinder for further details.
2015-09-15 09:34:10,719  WARN [ModalContext] - ScalaProject - Project svm_with_kernal has platform default sourceLevel.
2015-09-15 09:34:10,719  WARN [ModalContext] - ScalaProject - Project svm_with_kernal runs on platform default installation.
2015-09-15 09:34:10,719  WARN [ModalContext] - ScalaProject - Project svm_with_kernal has platform default sourceLevel.
2015-09-15 09:34:10,719  WARN [ModalContext] - ScalaProject - Project svm_with_kernal runs on platform default installation.
2015-09-15 09:34:22,032  WARN [ModalContext] - ScalaProject - Project svm has platform default sourceLevel.
2015-09-15 09:34:22,032  WARN [ModalContext] - ScalaProject - Project svm runs on platform default installation.
2015-09-15 09:34:22,345  WARN [Worker-35] - ScalaProject - Project svm has platform default sourceLevel.
2015-09-15 09:34:22,345  WARN [Worker-35] - ScalaProject - Project svm runs on platform default installation.
2015-09-15 09:34:22,360  WARN [Worker-35] - ScalaProject - Project svm has platform default sourceLevel.
2015-09-15 09:34:22,360  WARN [Worker-35] - ScalaProject - Project svm runs on platform default installation.
2015-09-15 09:34:22,360  WARN [Worker-35] - ScalaProject - Project svm has platform default sourceLevel.
2015-09-15 09:34:22,360  WARN [Worker-35] - ScalaProject - Project svm runs on platform default installation.
2015-09-15 09:34:41,205  WARN [main] - ScalaProject - Project svm has platform default sourceLevel.
2015-09-15 09:34:41,205  WARN [main] - ScalaProject - Project svm runs on platform default installation.
2015-09-15 10:26:07,165 ERROR [Text Viewer Hover Presenter] - IScalaPresentationCompiler$ - Ignoring InterruptException
2015-09-15 10:26:07,165 ERROR [Text Viewer Hover Presenter] - IScalaPresentationCompiler$ - Ignoring InterruptException
2015-09-15 10:26:07,165 ERROR [Text Viewer Hover Presenter] - IScalaPresentationCompiler$ - Ignoring InterruptException
2015-09-15 10:37:10,556  WARN [org.scalaide.ui.internal.reconciliation.ScalaReconciler] - ImplicitHighlightingPresenter - Timeout while waiting for `askLoadedTyped` during semantic highlighting.
2015-09-15 10:37:11,087  WARN [org.scalaide.ui.internal.reconciliation.ScalaReconciler] - CallByNameParamAtCreationPresenter - Timeout while waiting for `askLoadedTyped` during semantic highlighting.
2015-09-15 10:39:10,921 ERROR [Text Viewer Hover Presenter] - IScalaPresentationCompiler$ - Ignoring InterruptException
2015-09-15 10:39:10,921 ERROR [Text Viewer Hover Presenter] - IScalaPresentationCompiler$ - Ignoring InterruptException
2015-09-15 10:39:10,921 ERROR [Text Viewer Hover Presenter] - IScalaPresentationCompiler$ - Ignoring InterruptException
2015-09-15 10:43:37,918 ERROR [Text Viewer Hover Presenter] - IScalaPresentationCompiler$ - Ignoring InterruptException
2015-09-15 10:43:37,918 ERROR [Text Viewer Hover Presenter] - IScalaPresentationCompiler$ - Ignoring InterruptException
2015-09-15 10:43:37,918 ERROR [Text Viewer Hover Presenter] - IScalaPresentationCompiler$ - Ignoring InterruptException
2015-09-15 10:45:19,361 ERROR [Text Viewer Hover Presenter] - IScalaPresentationCompiler$ - Ignoring InterruptException
2015-09-15 10:45:19,361 ERROR [Text Viewer Hover Presenter] - IScalaPresentationCompiler$ - Ignoring InterruptException
2015-09-15 10:45:19,361 ERROR [Text Viewer Hover Presenter] - IScalaPresentationCompiler$ - Ignoring InterruptException
2015-09-15 10:45:19,361 ERROR [Text Viewer Hover Presenter] - IScalaPresentationCompiler$ - Ignoring InterruptException
2015-09-15 11:08:50,991 ERROR [Text Viewer Hover Presenter] - IScalaPresentationCompiler$ - Ignoring InterruptException
2015-09-15 11:08:50,991 ERROR [Text Viewer Hover Presenter] - IScalaPresentationCompiler$ - Ignoring InterruptException
2015-09-15 11:08:50,991 ERROR [Text Viewer Hover Presenter] - IScalaPresentationCompiler$ - Ignoring InterruptException
2015-09-15 11:08:50,991 ERROR [Text Viewer Hover Presenter] - IScalaPresentationCompiler$ - Ignoring InterruptException
2015-09-15 11:24:03,737 ERROR [Text Viewer Hover Presenter] - IScalaPresentationCompiler$ - Ignoring InterruptException
2015-09-15 11:24:03,753 ERROR [Text Viewer Hover Presenter] - IScalaPresentationCompiler$ - Ignoring InterruptException
2015-09-15 11:24:03,753 ERROR [Text Viewer Hover Presenter] - IScalaPresentationCompiler$ - Ignoring InterruptException
2015-09-15 11:24:03,753 ERROR [Text Viewer Hover Presenter] - IScalaPresentationCompiler$ - Ignoring InterruptException
2015-09-15 12:23:48,206  WARN [org.scalaide.ui.internal.reconciliation.ScalaReconciler] - CallByNameParamAtCreationPresenter - Timeout while waiting for `askLoadedTyped` during semantic highlighting.
2015-09-15 13:16:12,751 ERROR [Text Viewer Hover Presenter] - IScalaPresentationCompiler$ - Ignoring InterruptException
2015-09-15 13:16:12,751 ERROR [Text Viewer Hover Presenter] - IScalaPresentationCompiler$ - Ignoring InterruptException
2015-09-15 13:16:12,751 ERROR [Text Viewer Hover Presenter] - IScalaPresentationCompiler$ - Ignoring InterruptException
2015-09-15 13:26:03,404  WARN [org.scalaide.ui.internal.reconciliation.ScalaReconciler] - ImplicitHighlightingPresenter - Timeout while waiting for `askLoadedTyped` during semantic highlighting.
2015-09-15 13:26:03,607  WARN [org.scalaide.ui.internal.reconciliation.ScalaReconciler] - CustomSemanticAction - Timeout while waiting for `askLoadedTyped` during semantic highlighting.
2015-09-15 13:26:03,810  WARN [org.scalaide.ui.internal.reconciliation.ScalaReconciler] - CallByNameParamAtCreationPresenter - Timeout while waiting for `askLoadedTyped` during semantic highlighting.
2015-09-15 13:26:06,857  WARN [org.scalaide.ui.internal.reconciliation.ScalaReconciler] - ImplicitHighlightingPresenter - Timeout while waiting for `askLoadedTyped` during semantic highlighting.
2015-09-15 13:26:07,076  WARN [org.scalaide.ui.internal.reconciliation.ScalaReconciler] - CustomSemanticAction - Timeout while waiting for `askLoadedTyped` during semantic highlighting.
2015-09-15 13:26:07,279  WARN [org.scalaide.ui.internal.reconciliation.ScalaReconciler] - CallByNameParamAtCreationPresenter - Timeout while waiting for `askLoadedTyped` during semantic highlighting.
2015-09-15 13:26:51,781  WARN [org.scalaide.ui.internal.reconciliation.ScalaReconciler] - ImplicitHighlightingPresenter - Timeout while waiting for `askLoadedTyped` during semantic highlighting.
2015-09-15 13:26:51,985  WARN [org.scalaide.ui.internal.reconciliation.ScalaReconciler] - CustomSemanticAction - Timeout while waiting for `askLoadedTyped` during semantic highlighting.
2015-09-15 13:26:52,188  WARN [org.scalaide.ui.internal.reconciliation.ScalaReconciler] - CallByNameParamAtCreationPresenter - Timeout while waiting for `askLoadedTyped` during semantic highlighting.
2015-09-15 13:26:55,719  WARN [org.scalaide.ui.internal.reconciliation.ScalaReconciler] - ImplicitHighlightingPresenter - Timeout while waiting for `askLoadedTyped` during semantic highlighting.
2015-09-15 13:26:55,922  WARN [org.scalaide.ui.internal.reconciliation.ScalaReconciler] - CustomSemanticAction - Timeout while waiting for `askLoadedTyped` during semantic highlighting.
2015-09-15 13:26:56,141  WARN [org.scalaide.ui.internal.reconciliation.ScalaReconciler] - CallByNameParamAtCreationPresenter - Timeout while waiting for `askLoadedTyped` during semantic highlighting.
2015-09-15 13:26:59,594  WARN [org.scalaide.ui.internal.reconciliation.ScalaReconciler] - ImplicitHighlightingPresenter - Timeout while waiting for `askLoadedTyped` during semantic highlighting.
2015-09-15 13:26:59,797  WARN [org.scalaide.ui.internal.reconciliation.ScalaReconciler] - CustomSemanticAction - Timeout while waiting for `askLoadedTyped` during semantic highlighting.
2015-09-15 13:27:00,001  WARN [org.scalaide.ui.internal.reconciliation.ScalaReconciler] - CallByNameParamAtCreationPresenter - Timeout while waiting for `askLoadedTyped` during semantic highlighting.
2015-09-15 13:27:03,907  WARN [org.scalaide.ui.internal.reconciliation.ScalaReconciler] - ImplicitHighlightingPresenter - Timeout while waiting for `askLoadedTyped` during semantic highlighting.
2015-09-15 13:27:04,110  WARN [org.scalaide.ui.internal.reconciliation.ScalaReconciler] - CustomSemanticAction - Timeout while waiting for `askLoadedTyped` during semantic highlighting.
2015-09-15 13:27:04,313  WARN [org.scalaide.ui.internal.reconciliation.ScalaReconciler] - CallByNameParamAtCreationPresenter - Timeout while waiting for `askLoadedTyped` during semantic highlighting.
2015-09-15 13:29:47,993  WARN [org.scalaide.ui.internal.reconciliation.ScalaReconciler] - ImplicitHighlightingPresenter - Timeout while waiting for `askLoadedTyped` during semantic highlighting.
2015-09-15 13:29:48,196  WARN [org.scalaide.ui.internal.reconciliation.ScalaReconciler] - CustomSemanticAction - Timeout while waiting for `askLoadedTyped` during semantic highlighting.
2015-09-15 13:29:48,399  WARN [org.scalaide.ui.internal.reconciliation.ScalaReconciler] - CallByNameParamAtCreationPresenter - Timeout while waiting for `askLoadedTyped` during semantic highlighting.
2015-09-15 13:32:47,752 ERROR [Text Viewer Hover Presenter] - IScalaPresentationCompiler$ - Ignoring InterruptException
2015-09-15 13:32:47,752 ERROR [Text Viewer Hover Presenter] - IScalaPresentationCompiler$ - Ignoring InterruptException
2015-09-15 13:32:47,752 ERROR [Text Viewer Hover Presenter] - IScalaPresentationCompiler$ - Ignoring InterruptException
2015-09-15 13:32:53,533 ERROR [Text Viewer Hover Presenter] - IScalaPresentationCompiler$ - Ignoring InterruptException
2015-09-15 13:32:53,533 ERROR [Text Viewer Hover Presenter] - IScalaPresentationCompiler$ - Ignoring InterruptException
2015-09-15 13:32:53,533 ERROR [Text Viewer Hover Presenter] - IScalaPresentationCompiler$ - Ignoring InterruptException
2015-09-15 13:32:53,533 ERROR [Text Viewer Hover Presenter] - IScalaPresentationCompiler$ - Ignoring InterruptException
2015-09-15 13:32:53,533 ERROR [Text Viewer Hover Presenter] - IScalaPresentationCompiler$ - Ignoring InterruptException
2015-09-15 13:32:53,533 ERROR [Text Viewer Hover Presenter] - IScalaPresentationCompiler$ - Ignoring InterruptException
2015-09-15 13:32:53,533 ERROR [Text Viewer Hover Presenter] - IScalaPresentationCompiler$ - Ignoring InterruptException
2015-09-15 13:32:53,533 ERROR [Text Viewer Hover Presenter] - IScalaPresentationCompiler$ - Ignoring InterruptException
2015-09-15 14:23:56,695  WARN [org.scalaide.ui.internal.reconciliation.ScalaReconciler] - ImplicitHighlightingPresenter - Timeout while waiting for `askLoadedTyped` during semantic highlighting.
2015-09-15 14:23:56,695  WARN [org.scalaide.ui.internal.reconciliation.ScalaReconciler] - ImplicitHighlightingPresenter - Timeout while waiting for `askLoadedTyped` during semantic highlighting.
2015-09-15 14:23:56,898  WARN [org.scalaide.ui.internal.reconciliation.ScalaReconciler] - CustomSemanticAction - Timeout while waiting for `askLoadedTyped` during semantic highlighting.
2015-09-15 14:24:01,836  WARN [org.scalaide.ui.internal.reconciliation.ScalaReconciler] - ImplicitHighlightingPresenter - Timeout while waiting for `askLoadedTyped` during semantic highlighting.
2015-09-15 14:24:02,039  WARN [org.scalaide.ui.internal.reconciliation.ScalaReconciler] - CustomSemanticAction - Timeout while waiting for `askLoadedTyped` during semantic highlighting.
2015-09-15 14:29:15,445 ERROR [Text Viewer Hover Presenter] - IScalaPresentationCompiler$ - Ignoring InterruptException
2015-09-15 14:41:21,479  WARN [org.scalaide.ui.internal.reconciliation.ScalaReconciler] - ImplicitHighlightingPresenter - Timeout while waiting for `askLoadedTyped` during semantic highlighting.
2015-09-15 14:41:21,495  WARN [org.scalaide.ui.internal.reconciliation.ScalaReconciler] - ImplicitHighlightingPresenter - Timeout while waiting for `askLoadedTyped` during semantic highlighting.
2015-09-15 14:41:21,683  WARN [org.scalaide.ui.internal.reconciliation.ScalaReconciler] - CustomSemanticAction - Timeout while waiting for `askLoadedTyped` during semantic highlighting.
2015-09-15 14:41:21,698  WARN [org.scalaide.ui.internal.reconciliation.ScalaReconciler] - CustomSemanticAction - Timeout while waiting for `askLoadedTyped` during semantic highlighting.
2015-09-15 14:41:22,073  WARN [org.scalaide.ui.internal.reconciliation.ScalaReconciler] - CallByNameParamAtCreationPresenter - Timeout while waiting for `askLoadedTyped` during semantic highlighting.
2015-09-15 14:41:25,136  WARN [org.scalaide.ui.internal.reconciliation.ScalaReconciler] - ImplicitHighlightingPresenter - Timeout while waiting for `askLoadedTyped` during semantic highlighting.
2015-09-15 14:41:25,136  WARN [org.scalaide.ui.internal.reconciliation.ScalaReconciler] - ImplicitHighlightingPresenter - Timeout while waiting for `askLoadedTyped` during semantic highlighting.
2015-09-15 14:41:25,339  WARN [org.scalaide.ui.internal.reconciliation.ScalaReconciler] - CustomSemanticAction - Timeout while waiting for `askLoadedTyped` during semantic highlighting.
2015-09-15 14:41:25,542  WARN [org.scalaide.ui.internal.reconciliation.ScalaReconciler] - CallByNameParamAtCreationPresenter - Timeout while waiting for `askLoadedTyped` during semantic highlighting.
2015-09-15 14:42:20,779 ERROR [org.scalaide.ui.internal.reconciliation.ScalaReconciler] - ImplicitHighlightingPresenter - scala.tools.nsc.interactive.MissingResponse: response missing
2015-09-15 14:42:20,779 ERROR [org.scalaide.ui.internal.reconciliation.ScalaReconciler] - ImplicitHighlightingPresenter - scala.tools.nsc.interactive.MissingResponse: response missing
2015-09-15 14:42:21,154 ERROR [org.scalaide.ui.internal.reconciliation.ScalaReconciler] - CustomSemanticAction - scala.tools.nsc.interactive.FreshRunReq
2015-09-15 14:42:21,154 ERROR [org.scalaide.ui.internal.reconciliation.ScalaReconciler] - CustomSemanticAction - scala.tools.nsc.interactive.FreshRunReq
2015-09-15 14:42:21,357  WARN [org.scalaide.ui.internal.reconciliation.ScalaReconciler] - CallByNameParamAtCreationPresenter - Timeout while waiting for `askLoadedTyped` during semantic highlighting.
2015-09-15 14:42:21,357  WARN [org.scalaide.ui.internal.reconciliation.ScalaReconciler] - ImplicitHighlightingPresenter - Timeout while waiting for `askLoadedTyped` during semantic highlighting.
2015-09-15 14:42:21,357  WARN [org.scalaide.ui.internal.reconciliation.ScalaReconciler] - CallByNameParamAtCreationPresenter - Timeout while waiting for `askLoadedTyped` during semantic highlighting.
2015-09-15 14:42:25,858  WARN [org.scalaide.ui.internal.reconciliation.ScalaReconciler] - ImplicitHighlightingPresenter - Timeout while waiting for `askLoadedTyped` during semantic highlighting.
2015-09-15 14:42:25,858  WARN [org.scalaide.ui.internal.reconciliation.ScalaReconciler] - ImplicitHighlightingPresenter - Timeout while waiting for `askLoadedTyped` during semantic highlighting.
2015-09-15 14:42:38,092  WARN [main] - ScalaProject - Project svm has platform default sourceLevel.
2015-09-15 14:42:38,092  WARN [main] - ScalaProject - Project svm runs on platform default installation.
2015-09-15 14:42:38,124  WARN [main] - ScalaProject - Project svm has platform default sourceLevel.
2015-09-15 14:42:38,124  WARN [main] - ScalaProject - Project svm runs on platform default installation.
2015-09-15 14:42:39,124  WARN [org.scalaide.ui.internal.reconciliation.ScalaReconciler] - ScalaProject - Project svm has platform default sourceLevel.
2015-09-15 14:42:39,124  WARN [org.scalaide.ui.internal.reconciliation.ScalaReconciler] - ScalaProject - Project svm runs on platform default installation.
2015-09-15 14:42:39,811  WARN [org.scalaide.ui.internal.reconciliation.ScalaReconciler] - ImplicitHighlightingPresenter - Timeout while waiting for `askLoadedTyped` during semantic highlighting.
2015-09-15 14:42:39,811  WARN [org.scalaide.ui.internal.reconciliation.ScalaReconciler] - ImplicitHighlightingPresenter - Timeout while waiting for `askLoadedTyped` during semantic highlighting.
2015-09-15 14:42:39,811  WARN [org.scalaide.ui.internal.reconciliation.ScalaReconciler] - ScalaProject - Project svm has platform default sourceLevel.
2015-09-15 14:42:39,811  WARN [org.scalaide.ui.internal.reconciliation.ScalaReconciler] - ScalaProject - Project svm runs on platform default installation.
2015-09-15 14:42:40,139  WARN [Worker-81] - ScalaProject - Project svm has platform default sourceLevel.
2015-09-15 14:42:40,139  WARN [Worker-81] - ScalaProject - Project svm runs on platform default installation.
2015-09-15 14:42:40,264 ERROR [org.scalaide.ui.internal.reconciliation.ScalaReconciler] - CustomSemanticAction - scala.tools.nsc.interactive.FreshRunReq
2015-09-15 14:42:40,468  WARN [org.scalaide.ui.internal.reconciliation.ScalaReconciler] - CallByNameParamAtCreationPresenter - Timeout while waiting for `askLoadedTyped` during semantic highlighting.
2015-09-15 14:42:40,468  WARN [org.scalaide.ui.internal.reconciliation.ScalaReconciler] - CustomSemanticAction - Timeout while waiting for `askLoadedTyped` during semantic highlighting.
2015-09-15 14:42:40,468  WARN [org.scalaide.ui.internal.reconciliation.ScalaReconciler] - ImplicitHighlightingPresenter - Timeout while waiting for `askLoadedTyped` during semantic highlighting.
2015-09-15 14:42:40,671  WARN [org.scalaide.ui.internal.reconciliation.ScalaReconciler] - CustomSemanticAction - Timeout while waiting for `askLoadedTyped` during semantic highlighting.
2015-09-15 14:43:25,095  WARN [org.scalaide.ui.internal.reconciliation.ScalaReconciler] - ImplicitHighlightingPresenter - Timeout while waiting for `askLoadedTyped` during semantic highlighting.
2015-09-15 14:43:25,095  WARN [org.scalaide.ui.internal.reconciliation.ScalaReconciler] - ImplicitHighlightingPresenter - Timeout while waiting for `askLoadedTyped` during semantic highlighting.
2015-09-15 14:43:25,298  WARN [org.scalaide.ui.internal.reconciliation.ScalaReconciler] - CustomSemanticAction - Timeout while waiting for `askLoadedTyped` during semantic highlighting.
2015-09-15 14:43:28,673 ERROR [org.scalaide.ui.internal.reconciliation.ScalaReconciler] - ImplicitHighlightingPresenter - scala.tools.nsc.interactive.MissingResponse: response missing
2015-09-15 14:43:28,907  WARN [org.scalaide.ui.internal.reconciliation.ScalaReconciler] - CustomSemanticAction - Timeout while waiting for `askLoadedTyped` during semantic highlighting.
2015-09-15 14:43:28,907  WARN [org.scalaide.ui.internal.reconciliation.ScalaReconciler] - ImplicitHighlightingPresenter - Timeout while waiting for `askLoadedTyped` during semantic highlighting.
2015-09-15 14:43:28,907  WARN [org.scalaide.ui.internal.reconciliation.ScalaReconciler] - ImplicitHighlightingPresenter - Timeout while waiting for `askLoadedTyped` during semantic highlighting.
2015-09-15 14:43:29,111  WARN [org.scalaide.ui.internal.reconciliation.ScalaReconciler] - CallByNameParamAtCreationPresenter - Timeout while waiting for `askLoadedTyped` during semantic highlighting.
2015-09-15 14:43:29,111  WARN [org.scalaide.ui.internal.reconciliation.ScalaReconciler] - CustomSemanticAction - Timeout while waiting for `askLoadedTyped` during semantic highlighting.
2015-09-15 14:43:29,314  WARN [org.scalaide.ui.internal.reconciliation.ScalaReconciler] - CallByNameParamAtCreationPresenter - Timeout while waiting for `askLoadedTyped` during semantic highlighting.
2015-09-15 14:43:45,455  WARN [org.scalaide.ui.internal.reconciliation.ScalaReconciler] - ImplicitHighlightingPresenter - Timeout while waiting for `askLoadedTyped` during semantic highlighting.
2015-09-15 14:43:45,455  WARN [org.scalaide.ui.internal.reconciliation.ScalaReconciler] - ImplicitHighlightingPresenter - Timeout while waiting for `askLoadedTyped` during semantic highlighting.
2015-09-15 14:43:45,658  WARN [org.scalaide.ui.internal.reconciliation.ScalaReconciler] - CustomSemanticAction - Timeout while waiting for `askLoadedTyped` during semantic highlighting.
2015-09-15 14:43:46,314  WARN [org.scalaide.ui.internal.reconciliation.ScalaReconciler] - ImplicitHighlightingPresenter - Timeout while waiting for `askLoadedTyped` during semantic highlighting.
2015-09-15 14:43:46,314  WARN [org.scalaide.ui.internal.reconciliation.ScalaReconciler] - CallByNameParamAtCreationPresenter - Timeout while waiting for `askLoadedTyped` during semantic highlighting.
2015-09-15 14:43:46,596  WARN [org.scalaide.ui.internal.reconciliation.ScalaReconciler] - CustomSemanticAction - Timeout while waiting for `askLoadedTyped` during semantic highlighting.
2015-09-15 14:43:46,799  WARN [org.scalaide.ui.internal.reconciliation.ScalaReconciler] - CallByNameParamAtCreationPresenter - Timeout while waiting for `askLoadedTyped` during semantic highlighting.
2015-09-15 15:10:13,078  WARN [org.scalaide.ui.internal.reconciliation.ScalaReconciler] - ImplicitHighlightingPresenter - Timeout while waiting for `askLoadedTyped` during semantic highlighting.
2015-09-15 15:10:13,078  WARN [org.scalaide.ui.internal.reconciliation.ScalaReconciler] - ImplicitHighlightingPresenter - Timeout while waiting for `askLoadedTyped` during semantic highlighting.
2015-09-15 15:10:13,281  WARN [org.scalaide.ui.internal.reconciliation.ScalaReconciler] - CustomSemanticAction - Timeout while waiting for `askLoadedTyped` during semantic highlighting.
2015-09-15 15:10:13,281  WARN [org.scalaide.ui.internal.reconciliation.ScalaReconciler] - CustomSemanticAction - Timeout while waiting for `askLoadedTyped` during semantic highlighting.
2015-09-15 15:10:15,984  WARN [org.scalaide.ui.internal.reconciliation.ScalaReconciler] - ImplicitHighlightingPresenter - Timeout while waiting for `askLoadedTyped` during semantic highlighting.
2015-09-15 15:10:15,984  WARN [org.scalaide.ui.internal.reconciliation.ScalaReconciler] - ImplicitHighlightingPresenter - Timeout while waiting for `askLoadedTyped` during semantic highlighting.
2015-09-15 15:10:16,187  WARN [org.scalaide.ui.internal.reconciliation.ScalaReconciler] - CustomSemanticAction - Timeout while waiting for `askLoadedTyped` during semantic highlighting.
2015-09-15 15:10:16,187  WARN [org.scalaide.ui.internal.reconciliation.ScalaReconciler] - CustomSemanticAction - Timeout while waiting for `askLoadedTyped` during semantic highlighting.
2015-09-15 15:10:16,390  WARN [org.scalaide.ui.internal.reconciliation.ScalaReconciler] - CallByNameParamAtCreationPresenter - Timeout while waiting for `askLoadedTyped` during semantic highlighting.
2015-09-15 15:10:16,390  WARN [org.scalaide.ui.internal.reconciliation.ScalaReconciler] - CallByNameParamAtCreationPresenter - Timeout while waiting for `askLoadedTyped` during semantic highlighting.
2015-09-15 15:16:30,346 ERROR [Text Viewer Hover Presenter] - IScalaPresentationCompiler$ - Ignoring InterruptException
2015-09-15 15:16:30,346 ERROR [Text Viewer Hover Presenter] - IScalaPresentationCompiler$ - Ignoring InterruptException
2015-09-15 15:16:30,346 ERROR [Text Viewer Hover Presenter] - IScalaPresentationCompiler$ - Ignoring InterruptException
2015-09-15 15:18:05,319  WARN [org.scalaide.ui.internal.reconciliation.ScalaReconciler] - ImplicitHighlightingPresenter - Timeout while waiting for `askLoadedTyped` during semantic highlighting.
2015-09-15 15:18:05,319  WARN [org.scalaide.ui.internal.reconciliation.ScalaReconciler] - ImplicitHighlightingPresenter - Timeout while waiting for `askLoadedTyped` during semantic highlighting.
2015-09-15 15:18:05,522  WARN [org.scalaide.ui.internal.reconciliation.ScalaReconciler] - CustomSemanticAction - Timeout while waiting for `askLoadedTyped` during semantic highlighting.
2015-09-15 15:18:05,522  WARN [org.scalaide.ui.internal.reconciliation.ScalaReconciler] - CustomSemanticAction - Timeout while waiting for `askLoadedTyped` during semantic highlighting.
2015-09-15 16:05:09,143  WARN [org.scalaide.ui.internal.reconciliation.ScalaReconciler] - ImplicitHighlightingPresenter - Timeout while waiting for `askLoadedTyped` during semantic highlighting.
2015-09-15 16:06:01,176  WARN [org.scalaide.ui.internal.reconciliation.ScalaReconciler] - ImplicitHighlightingPresenter - Timeout while waiting for `askLoadedTyped` during semantic highlighting.
2015-09-15 16:06:01,176  WARN [org.scalaide.ui.internal.reconciliation.ScalaReconciler] - ImplicitHighlightingPresenter - Timeout while waiting for `askLoadedTyped` during semantic highlighting.
2015-09-15 16:06:01,395  WARN [org.scalaide.ui.internal.reconciliation.ScalaReconciler] - CustomSemanticAction - Timeout while waiting for `askLoadedTyped` during semantic highlighting.
2015-09-15 16:06:01,395  WARN [org.scalaide.ui.internal.reconciliation.ScalaReconciler] - CustomSemanticAction - Timeout while waiting for `askLoadedTyped` during semantic highlighting.
2015-09-15 16:06:01,598  WARN [org.scalaide.ui.internal.reconciliation.ScalaReconciler] - CallByNameParamAtCreationPresenter - Timeout while waiting for `askLoadedTyped` during semantic highlighting.
2015-09-15 16:31:55,860 ERROR [Text Viewer Hover Presenter] - IScalaPresentationCompiler$ - Ignoring InterruptException
2015-09-15 16:31:55,860 ERROR [Text Viewer Hover Presenter] - IScalaPresentationCompiler$ - Ignoring InterruptException
2015-09-15 16:31:55,860 ERROR [Text Viewer Hover Presenter] - IScalaPresentationCompiler$ - Ignoring InterruptException
2015-09-15 16:31:55,860 ERROR [Text Viewer Hover Presenter] - IScalaPresentationCompiler$ - Ignoring InterruptException
2015-09-15 16:31:55,860 ERROR [Text Viewer Hover Presenter] - IScalaPresentationCompiler$ - Ignoring InterruptException
2015-09-15 16:31:55,860 ERROR [Text Viewer Hover Presenter] - IScalaPresentationCompiler$ - Ignoring InterruptException
2015-09-15 16:31:55,860 ERROR [Text Viewer Hover Presenter] - IScalaPresentationCompiler$ - Ignoring InterruptException
2015-09-15 16:31:55,860 ERROR [Text Viewer Hover Presenter] - IScalaPresentationCompiler$ - Ignoring InterruptException
2015-09-15 16:31:55,860 ERROR [Text Viewer Hover Presenter] - IScalaPresentationCompiler$ - Ignoring InterruptException
2015-09-15 16:31:55,860 ERROR [Text Viewer Hover Presenter] - IScalaPresentationCompiler$ - Ignoring InterruptException
2015-09-15 16:31:55,860 ERROR [Text Viewer Hover Presenter] - IScalaPresentationCompiler$ - Ignoring InterruptException
2015-09-15 16:31:55,860 ERROR [Text Viewer Hover Presenter] - IScalaPresentationCompiler$ - Ignoring InterruptException
2015-09-22 16:30:20,244  WARN [ModalContext] - ScalaProject - Project te has platform default sourceLevel.
2015-09-22 16:30:20,259  WARN [ModalContext] - ScalaProject - Project te runs on platform default installation.
2015-09-22 16:30:20,713  WARN [Worker-10] - ScalaProject - Project te has platform default sourceLevel.
2015-09-22 16:30:20,713  WARN [Worker-10] - ScalaProject - Project te runs on platform default installation.
2015-09-22 16:30:20,963  WARN [Worker-10] - ScalaProject - Project te has platform default sourceLevel.
2015-09-22 16:30:20,978  WARN [Worker-10] - ScalaProject - Project te runs on platform default installation.
2015-09-22 16:30:20,978  WARN [Worker-10] - ScalaProject - Project te has platform default sourceLevel.
2015-09-22 16:30:20,978  WARN [Worker-10] - ScalaProject - Project te runs on platform default installation.
2015-09-22 16:30:46,283  WARN [Worker-3] - ScalaProject - Project te has platform default sourceLevel.
2015-09-22 16:30:46,283  WARN [Worker-3] - ScalaProject - Project te runs on platform default installation.
2015-09-22 16:30:46,424  WARN [Worker-3] - ScalaProject - Project te has platform default sourceLevel.
2015-09-22 16:30:46,424  WARN [Worker-3] - ScalaProject - Project te runs on platform default installation.
2015-09-22 16:30:46,658  WARN [Java indexing] - ScalaProject - Project te has platform default sourceLevel.
2015-09-22 16:30:46,658  WARN [Java indexing] - ScalaProject - Project te runs on platform default installation.
2015-09-22 16:31:13,770  WARN [Worker-12] - ScalaProject - Project te has platform default sourceLevel.
2015-09-22 16:31:13,770  WARN [Worker-12] - ScalaProject - Project te runs on platform default installation.
2015-09-22 16:31:14,379  WARN [org.scalaide.ui.internal.reconciliation.ScalaReconciler] - ScalaProject - Project te has platform default sourceLevel.
2015-09-22 16:31:14,379  WARN [org.scalaide.ui.internal.reconciliation.ScalaReconciler] - ScalaProject - Project te runs on platform default installation.
2015-09-22 16:31:46,756  WARN [main] - ScalaProject - Project te has platform default sourceLevel.
2015-09-22 16:31:46,756  WARN [main] - ScalaProject - Project te runs on platform default installation.
2015-10-16 10:12:04,793  WARN [ModalContext] - ScalaProject - Project xiaodai_kernal_svm has platform default sourceLevel.
2015-10-16 10:12:04,793  WARN [ModalContext] - ScalaProject - Project xiaodai_kernal_svm runs on platform default installation.
2015-10-16 10:18:01,611 ERROR [Text Viewer Hover Presenter] - IScalaPresentationCompiler$ - Ignoring InterruptException
2015-10-16 10:18:01,611 ERROR [Text Viewer Hover Presenter] - IScalaPresentationCompiler$ - Ignoring InterruptException
2015-10-16 10:18:01,611 ERROR [Text Viewer Hover Presenter] - IScalaPresentationCompiler$ - Ignoring InterruptException
2015-10-16 10:18:01,611 ERROR [Text Viewer Hover Presenter] - IScalaPresentationCompiler$ - Ignoring InterruptException
2015-10-16 10:33:55,061 ERROR [Text Viewer Hover Presenter] - IScalaPresentationCompiler$ - Ignoring InterruptException
2015-10-16 10:33:55,061 ERROR [Text Viewer Hover Presenter] - IScalaPresentationCompiler$ - Ignoring InterruptException
2015-10-16 10:33:55,061 ERROR [Text Viewer Hover Presenter] - IScalaPresentationCompiler$ - Ignoring InterruptException
2015-10-16 10:33:55,061 ERROR [Text Viewer Hover Presenter] - IScalaPresentationCompiler$ - Ignoring InterruptException
2015-10-16 10:33:55,061 ERROR [Text Viewer Hover Presenter] - IScalaPresentationCompiler$ - Ignoring InterruptException
2015-10-16 10:33:55,061 ERROR [Text Viewer Hover Presenter] - IScalaPresentationCompiler$ - Ignoring InterruptException
2015-10-16 10:33:55,061 ERROR [Text Viewer Hover Presenter] - IScalaPresentationCompiler$ - Ignoring InterruptException
2015-10-16 10:33:55,061 ERROR [Text Viewer Hover Presenter] - IScalaPresentationCompiler$ - Ignoring InterruptException
2015-10-16 10:33:55,061 ERROR [Text Viewer Hover Presenter] - IScalaPresentationCompiler$ - Ignoring InterruptException
2015-10-16 10:33:55,061 ERROR [Text Viewer Hover Presenter] - IScalaPresentationCompiler$ - Ignoring InterruptException
2015-10-16 10:33:55,061 ERROR [Text Viewer Hover Presenter] - IScalaPresentationCompiler$ - Ignoring InterruptException
2015-10-16 10:33:55,061 ERROR [Text Viewer Hover Presenter] - IScalaPresentationCompiler$ - Ignoring InterruptException
2015-10-16 10:33:55,061 ERROR [Text Viewer Hover Presenter] - IScalaPresentationCompiler$ - Ignoring InterruptException
2015-10-16 10:33:55,061 ERROR [Text Viewer Hover Presenter] - IScalaPresentationCompiler$ - Ignoring InterruptException
2015-10-16 11:07:44,059 ERROR [Text Viewer Hover Presenter] - IScalaPresentationCompiler$ - Ignoring InterruptException
2015-10-16 11:07:44,059 ERROR [Text Viewer Hover Presenter] - IScalaPresentationCompiler$ - Ignoring InterruptException
2015-10-16 11:07:44,059 ERROR [Text Viewer Hover Presenter] - IScalaPresentationCompiler$ - Ignoring InterruptException
2015-10-16 11:16:25,825 ERROR [Text Viewer Hover Presenter] - IScalaPresentationCompiler$ - Ignoring InterruptException
2015-10-16 11:16:25,825 ERROR [Text Viewer Hover Presenter] - IScalaPresentationCompiler$ - Ignoring InterruptException
2015-10-16 11:16:25,825 ERROR [Text Viewer Hover Presenter] - IScalaPresentationCompiler$ - Ignoring InterruptException
2015-10-16 11:16:34,138 ERROR [Text Viewer Hover Presenter] - IScalaPresentationCompiler$ - Ignoring InterruptException
2015-10-16 11:16:34,138 ERROR [Text Viewer Hover Presenter] - IScalaPresentationCompiler$ - Ignoring InterruptException
2015-10-16 11:16:34,138 ERROR [Text Viewer Hover Presenter] - IScalaPresentationCompiler$ - Ignoring InterruptException
2015-10-16 14:22:46,160 ERROR [Text Viewer Hover Presenter] - IScalaPresentationCompiler$ - Ignoring InterruptException
2015-10-16 14:22:46,160 ERROR [Text Viewer Hover Presenter] - IScalaPresentationCompiler$ - Ignoring InterruptException
2015-10-16 14:22:46,160 ERROR [Text Viewer Hover Presenter] - IScalaPresentationCompiler$ - Ignoring InterruptException
2015-11-23 09:26:49,028  WARN [ModalContext] - ScalaProject - Project flumeSparkStreaming has platform default sourceLevel.
2015-11-23 09:26:49,044  WARN [ModalContext] - ScalaProject - Project flumeSparkStreaming runs on platform default installation.
2015-11-23 09:26:49,550  WARN [Worker-2] - ScalaProject - Project flumeSparkStreaming has platform default sourceLevel.
2015-11-23 09:26:49,550  WARN [Worker-2] - ScalaProject - Project flumeSparkStreaming runs on platform default installation.
2015-11-23 09:26:49,800  WARN [Worker-2] - ScalaProject - Project flumeSparkStreaming has platform default sourceLevel.
2015-11-23 09:26:49,800  WARN [Worker-2] - ScalaProject - Project flumeSparkStreaming runs on platform default installation.
2015-11-23 09:26:49,816  WARN [Worker-2] - ScalaProject - Project flumeSparkStreaming has platform default sourceLevel.
2015-11-23 09:26:49,816  WARN [Worker-2] - ScalaProject - Project flumeSparkStreaming runs on platform default installation.
2015-11-23 09:27:28,608  WARN [Worker-1] - ScalaProject - Project flumeSparkStreaming has platform default sourceLevel.
2015-11-23 09:27:28,608  WARN [Worker-1] - ScalaProject - Project flumeSparkStreaming runs on platform default installation.
2015-11-23 09:27:28,733  WARN [Worker-1] - ScalaProject - Project flumeSparkStreaming has platform default sourceLevel.
2015-11-23 09:27:28,733  WARN [Worker-1] - ScalaProject - Project flumeSparkStreaming runs on platform default installation.
2015-11-23 09:27:28,748  WARN [Worker-1] - ScalaProject - Project flumeSparkStreaming has platform default sourceLevel.
2015-11-23 09:27:28,748  WARN [Worker-1] - ScalaProject - Project flumeSparkStreaming runs on platform default installation.
2015-11-23 09:28:10,751  WARN [main] - ScalaProject - Project flumeSparkStreaming has platform default sourceLevel.
2015-11-23 09:28:10,751  WARN [main] - ScalaProject - Project flumeSparkStreaming runs on platform default installation.
2015-11-23 09:28:23,503  WARN [main] - ScalaProject - Project flumeSparkStreaming has platform default sourceLevel.
2015-11-23 09:28:23,503  WARN [main] - ScalaProject - Project flumeSparkStreaming runs on platform default installation.
2015-11-23 09:28:23,722  WARN [Worker-6] - ScalaProject - Project flumeSparkStreaming has platform default sourceLevel.
2015-11-23 09:28:23,722  WARN [Worker-6] - ScalaProject - Project flumeSparkStreaming runs on platform default installation.
2015-11-23 09:28:23,738  WARN [Worker-6] - ScalaProject - Project flumeSparkStreaming has platform default sourceLevel.
2015-11-23 09:28:23,738  WARN [Worker-6] - ScalaProject - Project flumeSparkStreaming runs on platform default installation.
2015-11-23 09:28:26,099  WARN [Worker-6] - ScalaProject - Project flumeSparkStreaming has platform default sourceLevel.
2015-11-23 09:28:26,099  WARN [Worker-6] - ScalaProject - Project flumeSparkStreaming runs on platform default installation.
2015-11-23 20:14:23,979  WARN [Worker-24] - ScalaProject - Project flumeSparkStreaming has platform default sourceLevel.
2015-11-23 20:14:23,979  WARN [Worker-24] - ScalaProject - Project flumeSparkStreaming runs on platform default installation.
2015-11-23 20:14:23,994  WARN [Worker-24] - ScalaProject - Project flumeSparkStreaming has platform default sourceLevel.
2015-11-23 20:14:23,994  WARN [Worker-24] - ScalaProject - Project flumeSparkStreaming runs on platform default installation.
2015-11-23 20:14:25,963  WARN [Worker-24] - ScalaProject - Project flumeSparkStreaming has platform default sourceLevel.
2015-11-23 20:14:25,963  WARN [Worker-24] - ScalaProject - Project flumeSparkStreaming runs on platform default installation.
2015-11-26 16:32:29,996  WARN [main] - ScalaProject - Project flumeSparkStreaming has platform default sourceLevel.
2015-11-26 16:32:29,996  WARN [main] - ScalaProject - Project flumeSparkStreaming runs on platform default installation.
2015-11-26 16:32:30,012  WARN [main] - ScalaProject - Project flumeSparkStreaming has platform default sourceLevel.
2015-11-26 16:32:30,012  WARN [main] - ScalaProject - Project flumeSparkStreaming runs on platform default installation.
2015-11-27 09:05:35,858  WARN [Worker-15] - ScalaProject - Project flumeSparkStreaming has platform default sourceLevel.
2015-11-27 09:05:35,858  WARN [Worker-15] - ScalaProject - Project flumeSparkStreaming runs on platform default installation.
2015-11-27 09:05:35,905  WARN [Worker-15] - ScalaProject - Project flumeSparkStreaming has platform default sourceLevel.
2015-11-27 09:05:35,905  WARN [Worker-15] - ScalaProject - Project flumeSparkStreaming runs on platform default installation.
2015-11-27 09:05:36,077  WARN [Worker-15] - ScalaProject - Project flumeSparkStreaming has platform default sourceLevel.
2015-11-27 09:05:36,077  WARN [Worker-15] - ScalaProject - Project flumeSparkStreaming runs on platform default installation.
2015-11-27 09:05:38,640  WARN [Worker-15] - ScalaProject - Project flumeSparkStreaming has platform default sourceLevel.
2015-11-27 09:05:38,655  WARN [Worker-15] - ScalaProject - Project flumeSparkStreaming runs on platform default installation.
2015-11-27 09:05:40,233 ERROR [Worker-16] - System.err - SLF4J: Failed to load class "org.slf4j.impl.StaticLoggerBinder".
2015-11-27 09:05:40,233 ERROR [Worker-16] - System.err - SLF4J: Defaulting to no-operation (NOP) logger implementation
2015-11-27 09:05:40,233 ERROR [Worker-16] - System.err - SLF4J: See http://www.slf4j.org/codes.html#StaticLoggerBinder for further details.
2015-11-27 09:06:44,940 ERROR [Text Viewer Hover Presenter] - IScalaPresentationCompiler$ - Ignoring InterruptException
2015-11-27 09:06:44,940 ERROR [Text Viewer Hover Presenter] - IScalaPresentationCompiler$ - Ignoring InterruptException
2015-12-07 09:56:07,275  WARN [main] - ScalaProject - Project flumeSparkStreaming has platform default sourceLevel.
2015-12-07 09:56:07,290  WARN [main] - ScalaProject - Project flumeSparkStreaming runs on platform default installation.
2015-12-07 09:56:07,306  WARN [main] - ScalaProject - Project flumeSparkStreaming has platform default sourceLevel.
2015-12-07 09:56:07,306  WARN [main] - ScalaProject - Project flumeSparkStreaming runs on platform default installation.
2015-12-07 09:57:22,678  WARN [main] - ScalaProject - Project flumeSparkStreaming has platform default sourceLevel.
2015-12-07 09:57:22,678  WARN [main] - ScalaProject - Project flumeSparkStreaming runs on platform default installation.
2015-12-07 09:59:10,626  WARN [Worker-8] - ScalaProject - Project flumeSparkStreaming has platform default sourceLevel.
2015-12-07 09:59:10,626  WARN [Worker-8] - ScalaProject - Project flumeSparkStreaming runs on platform default installation.
2015-12-07 09:59:36,863  WARN [main] - ScalaProject - Project flumeSparkStreaming has platform default sourceLevel.
2015-12-07 09:59:36,863  WARN [main] - ScalaProject - Project flumeSparkStreaming runs on platform default installation.
2015-12-07 10:01:45,589 ERROR [main] - org.scala-ide.sdt.core - org.scala-ide.sdt.core - org.scala-ide.sdt.core - 0 - Throwable during asyncExec
java.util.NoSuchElementException: key not found: org/apache/spark/MapOutputTracker.scala
	at scala.collection.MapLike$class.default(MapLike.scala:228)
	at scala.collection.AbstractMap.default(Map.scala:59)
	at scala.collection.MapLike$class.apply(MapLike.scala:141)
	at scala.tools.nsc.interactive.Global$$anon$4.scala$collection$mutable$SynchronizedMap$$super$apply(Global.scala:174)
	at scala.collection.mutable.SynchronizedMap$class.apply(SynchronizedMap.scala:48)
	at scala.tools.nsc.interactive.Global$$anon$4.apply(Global.scala:174)
	at scala.tools.nsc.interactive.Global$$anonfun$12.apply(Global.scala:850)
	at scala.tools.nsc.interactive.Global$$anonfun$12.apply(Global.scala:850)
	at scala.tools.nsc.interactive.Global$$anonfun$getDocComment$2$$anonfun$apply$16.apply(Global.scala:949)
	at scala.tools.nsc.interactive.Global$$anonfun$getDocComment$2$$anonfun$apply$16.apply(Global.scala:944)
	at scala.tools.nsc.interactive.Global.scala$tools$nsc$interactive$Global$$withTempUnits(Global.scala:853)
	at scala.tools.nsc.interactive.Global$$anonfun$getDocComment$2.apply(Global.scala:944)
	at scala.tools.nsc.interactive.Global$$anonfun$getDocComment$2.apply(Global.scala:944)
	at scala.tools.nsc.interactive.Global$$anonfun$respond$1.apply(Global.scala:699)
	at scala.tools.nsc.interactive.Global$$anonfun$respond$1.apply(Global.scala:699)
	at scala.tools.nsc.interactive.Global.respondGradually(Global.scala:706)
	at scala.tools.nsc.interactive.Global.respond(Global.scala:699)
	at scala.tools.nsc.interactive.Global.getDocComment(Global.scala:943)
	at scala.tools.nsc.interactive.CompilerControl$AskDocCommentItem.apply$mcV$sp(CompilerControl.scala:376)
	at scala.tools.nsc.interactive.Global$$anonfun$pollForWork$1.apply$mcV$sp(Global.scala:504)
	at scala.util.control.Breaks.breakable(Breaks.scala:38)
	at scala.tools.nsc.interactive.Global.pollForWork(Global.scala:429)
	at scala.tools.nsc.interactive.PresentationCompilerThread.run(PresentationCompilerThread.scala:22)
2015-12-07 10:02:46,373 ERROR [main] - org.scala-ide.sdt.core - org.scala-ide.sdt.core - org.scala-ide.sdt.core - 0 - Throwable during asyncExec
java.util.NoSuchElementException: key not found: org/apache/spark/streaming/Checkpoint.scala
	at scala.collection.MapLike$class.default(MapLike.scala:228)
	at scala.collection.AbstractMap.default(Map.scala:59)
	at scala.collection.MapLike$class.apply(MapLike.scala:141)
	at scala.tools.nsc.interactive.Global$$anon$4.scala$collection$mutable$SynchronizedMap$$super$apply(Global.scala:174)
	at scala.collection.mutable.SynchronizedMap$class.apply(SynchronizedMap.scala:48)
	at scala.tools.nsc.interactive.Global$$anon$4.apply(Global.scala:174)
	at scala.tools.nsc.interactive.Global$$anonfun$12.apply(Global.scala:850)
	at scala.tools.nsc.interactive.Global$$anonfun$12.apply(Global.scala:850)
	at scala.tools.nsc.interactive.Global$$anonfun$getDocComment$2$$anonfun$apply$16.apply(Global.scala:949)
	at scala.tools.nsc.interactive.Global$$anonfun$getDocComment$2$$anonfun$apply$16.apply(Global.scala:944)
	at scala.tools.nsc.interactive.Global.scala$tools$nsc$interactive$Global$$withTempUnits(Global.scala:853)
	at scala.tools.nsc.interactive.Global$$anonfun$getDocComment$2.apply(Global.scala:944)
	at scala.tools.nsc.interactive.Global$$anonfun$getDocComment$2.apply(Global.scala:944)
	at scala.tools.nsc.interactive.Global$$anonfun$respond$1.apply(Global.scala:699)
	at scala.tools.nsc.interactive.Global$$anonfun$respond$1.apply(Global.scala:699)
	at scala.tools.nsc.interactive.Global.respondGradually(Global.scala:706)
	at scala.tools.nsc.interactive.Global.respond(Global.scala:699)
	at scala.tools.nsc.interactive.Global.getDocComment(Global.scala:943)
	at scala.tools.nsc.interactive.CompilerControl$AskDocCommentItem.apply$mcV$sp(CompilerControl.scala:376)
	at scala.tools.nsc.interactive.Global$$anonfun$pollForWork$1.apply$mcV$sp(Global.scala:504)
	at scala.util.control.Breaks.breakable(Breaks.scala:38)
	at scala.tools.nsc.interactive.Global.pollForWork(Global.scala:429)
	at scala.tools.nsc.interactive.PresentationCompilerThread.run(PresentationCompilerThread.scala:22)
2015-12-07 10:07:53,763 ERROR [main] - System.err - SLF4J: Failed to load class "org.slf4j.impl.StaticLoggerBinder".
2015-12-07 10:07:53,763 ERROR [main] - System.err - SLF4J: Defaulting to no-operation (NOP) logger implementation
2015-12-07 10:07:53,763 ERROR [main] - System.err - SLF4J: See http://www.slf4j.org/codes.html#StaticLoggerBinder for further details.
2015-12-07 11:05:24,718 ERROR [main] - System.err - SLF4J: Failed to load class "org.slf4j.impl.StaticLoggerBinder".
2015-12-07 11:05:24,718 ERROR [main] - System.err - SLF4J: Defaulting to no-operation (NOP) logger implementation
2015-12-07 11:05:24,718 ERROR [main] - System.err - SLF4J: See http://www.slf4j.org/codes.html#StaticLoggerBinder for further details.
2015-12-07 11:06:23,727  WARN [ModalContext] - ScalaProject - Project flumeSparkStreaming has platform default sourceLevel.
2015-12-07 11:06:23,727  WARN [ModalContext] - ScalaProject - Project flumeSparkStreaming runs on platform default installation.
2015-12-07 11:06:23,742  WARN [ModalContext] - ScalaProject - Project flumeSparkStreaming has platform default sourceLevel.
2015-12-07 11:06:23,742  WARN [ModalContext] - ScalaProject - Project flumeSparkStreaming runs on platform default installation.
